<?xml version="1.0" encoding="UTF-8"?>
<testng-results ignored="0" total="1" passed="0" failed="1" skipped="0">
  <reporter-output>
  </reporter-output>
  <suite started-at="2022-12-31T21:18:19 IST" name="Default suite" finished-at="2022-12-31T21:19:16 IST" duration-ms="56462">
    <groups>
      <group name="cucumber">
        <method signature="AbstractTestNGCucumberTests.runScenario(io.cucumber.testng.PickleWrapper,io.cucumber.testng.FeatureWrapper)[pri:0, instance:cucumberOptions.TestNGRunner@4c402120]" name="runScenario" class="io.cucumber.testng.AbstractTestNGCucumberTests"/>
      </group> <!-- cucumber -->
    </groups>
    <test started-at="2022-12-31T21:18:19 IST" name="Default test" finished-at="2022-12-31T21:19:16 IST" duration-ms="56462">
      <class name="cucumberOptions.TestNGRunner">
        <test-method is-config="true" signature="setUpClass(org.testng.ITestContext)[pri:0, instance:cucumberOptions.TestNGRunner@4c402120]" started-at="2022-12-31T21:18:19 IST" name="setUpClass" finished-at="2022-12-31T21:18:20 IST" duration-ms="791" status="PASS">
          <params>
            <param index="0">
              <value>
                <![CDATA[org.testng.TestRunner@4ff8d125]]>
              </value>
            </param>
          </params>
          <reporter-output>
          </reporter-output>
        </test-method> <!-- setUpClass -->
        <test-method signature="runScenario(io.cucumber.testng.PickleWrapper,io.cucumber.testng.FeatureWrapper)[pri:0, instance:cucumberOptions.TestNGRunner@4c402120]" started-at="2022-12-31T21:18:20 IST" name="runScenario" description="Runs Cucumber Scenarios" data-provider="scenarios" finished-at="2022-12-31T21:19:16 IST" duration-ms="55524" status="FAIL">
          <params>
            <param index="0">
              <value>
                <![CDATA["Browsing experience of a user"]]>
              </value>
            </param>
            <param index="1">
              <value>
                <![CDATA["Login and selecting a flight"]]>
              </value>
            </param>
          </params>
          <exception class="java.lang.NullPointerException">
            <message>
              <![CDATA[Cannot invoke "pageObjects.SearchResultPage.checkPrice()" because "this.searchResultPage" is null]]>
            </message>
            <full-stacktrace>
              <![CDATA[java.lang.NullPointerException: Cannot invoke "pageObjects.SearchResultPage.checkPrice()" because "this.searchResultPage" is null
at StepDefinitions.SearchResultPageSetpDef.user_checks_the_flight_price(SearchResultPageSetpDef.java:37)
at ✽.User Checks the flight price(file:///C:/Users/Arise/eclipse-workspace/Spicejet_Demo/src/test/java/features/searchFlight.feature:8)
]]>
            </full-stacktrace>
          </exception> <!-- java.lang.NullPointerException -->
          <reporter-output>
          </reporter-output>
        </test-method> <!-- runScenario -->
        <test-method is-config="true" signature="tearDownClass()[pri:0, instance:cucumberOptions.TestNGRunner@4c402120]" started-at="2022-12-31T21:19:16 IST" name="tearDownClass" finished-at="2022-12-31T21:19:16 IST" duration-ms="16" status="PASS">
          <reporter-output>
          </reporter-output>
        </test-method> <!-- tearDownClass -->
      </class> <!-- cucumberOptions.TestNGRunner -->
    </test> <!-- Default test -->
  </suite> <!-- Default suite -->
</testng-results>
