<?xml version="1.0" encoding="UTF-8"?>
<!-- Generated by org.testng.reporters.JUnitReportReporter -->
<testsuite hostname="HOPE" failures="0" tests="1" name="cucumberOptions.TestNGRunner" time="55.524" errors="1" timestamp="2022-12-31T21:19:16 IST" skipped="0">
  <testcase classname="cucumberOptions.TestNGRunner" name="runScenario" time="55.524">
    <error message="Cannot invoke &quot;pageObjects.SearchResultPage.checkPrice()&quot; because &quot;this.searchResultPage&quot; is null" type="java.lang.NullPointerException">
      <![CDATA[java.lang.NullPointerException: Cannot invoke "pageObjects.SearchResultPage.checkPrice()" because "this.searchResultPage" is null
at StepDefinitions.SearchResultPageSetpDef.user_checks_the_flight_price(SearchResultPageSetpDef.java:37)
at ✽.User Checks the flight price(file:///C:/Users/Arise/eclipse-workspace/Spicejet_Demo/src/test/java/features/searchFlight.feature:8)
]]>
    </error>
  </testcase> <!-- runScenario -->
  <system-out/>
</testsuite> <!-- cucumberOptions.TestNGRunner -->
